<?xml version="1.0" encoding="UTF-8"?>
<testng-results ignored="0" total="1" passed="1" failed="0" skipped="0">
  <reporter-output>
  </reporter-output>
  <suite started-at="2023-10-23T00:40:58 IST" name="InetBankingV1" finished-at="2023-10-23T00:41:09 IST" duration-ms="11486">
    <groups>
    </groups>
    <test started-at="2023-10-23T00:40:58 IST" name="BankingApp Test" finished-at="2023-10-23T00:41:09 IST" duration-ms="11486">
      <class name="com.inetbanking.testCases.TC_001_LoginTest">
        <test-method is-config="true" signature="setUp(java.lang.String)[pri:0, instance:com.inetbanking.testCases.TC_001_LoginTest@2f7298b]" started-at="2023-10-23T00:40:58 IST" name="setUp" finished-at="2023-10-23T00:41:08 IST" duration-ms="9887" status="PASS">
          <params>
            <param index="0">
              <value>
                <![CDATA[chrome]]>
              </value>
            </param>
          </params>
          <reporter-output>
          </reporter-output>
        </test-method> <!-- setUp -->
        <test-method signature="loginTest()[pri:0, instance:com.inetbanking.testCases.TC_001_LoginTest@2f7298b]" started-at="2023-10-23T00:41:08 IST" name="loginTest" finished-at="2023-10-23T00:41:09 IST" duration-ms="1259" status="PASS">
          <reporter-output>
          </reporter-output>
        </test-method> <!-- loginTest -->
        <test-method is-config="true" signature="tearDown()[pri:0, instance:com.inetbanking.testCases.TC_001_LoginTest@2f7298b]" started-at="2023-10-23T00:41:09 IST" name="tearDown" finished-at="2023-10-23T00:41:09 IST" duration-ms="129" status="PASS">
          <reporter-output>
          </reporter-output>
        </test-method> <!-- tearDown -->
      </class> <!-- com.inetbanking.testCases.TC_001_LoginTest -->
    </test> <!-- BankingApp Test -->
  </suite> <!-- InetBankingV1 -->
</testng-results>
